<?xml version="1.0" encoding="UTF-8"?>
<testsuite name="BrandTest" tests="7" skipped="0" failures="0" errors="0" timestamp="2015-09-08T00:47:21" hostname="Leslies-MacBook-Pro.local" time="0.407">
  <properties/>
  <testcase name="equals_returnsTrueIfDescriptionsAretheSame" classname="BrandTest" time="0.147"/>
  <testcase name="save_returnsTrueIfDescriptionsAretheSame" classname="BrandTest" time="0.065"/>
  <testcase name="all_emptyAtFirst" classname="BrandTest" time="0.022"/>
  <testcase name="find_findsBrandInDatabase_true" classname="BrandTest" time="0.032"/>
  <testcase name="getStores_returnsAllStores_ArrayList" classname="BrandTest" time="0.057"/>
  <testcase name="save_assignsIdToObject" classname="BrandTest" time="0.031"/>
  <testcase name="addStore_addsStoreToBrand" classname="BrandTest" time="0.051"/>
  <system-out><![CDATA[]]></system-out>
  <system-err><![CDATA[]]></system-err>
</testsuite>
