<?xml version="1.0" encoding="UTF-8"?>
<testsuite name="StoreTest" tests="7" skipped="0" failures="0" errors="0" timestamp="2015-09-08T00:47:21" hostname="Leslies-MacBook-Pro.local" time="0.253">
  <properties/>
  <testcase name="equals_returnsTrueIfNamesAretheSame" classname="StoreTest" time="0.013"/>
  <testcase name="addBrand_addsBrandToStore" classname="StoreTest" time="0.055"/>
  <testcase name="find_findsStoreInDatabase_true" classname="StoreTest" time="0.03"/>
  <testcase name="all_emptyAtFirst" classname="StoreTest" time="0.019"/>
  <testcase name="save_savesIntoDatabase_true" classname="StoreTest" time="0.028"/>
  <testcase name="delete_deletesAllListsAndBrandsAssociations" classname="StoreTest" time="0.056"/>
  <testcase name="getBrands_returnsAllBrands_ArrayList" classname="StoreTest" time="0.051"/>
  <system-out><![CDATA[]]></system-out>
  <system-err><![CDATA[]]></system-err>
</testsuite>
